original_num_embeddings: 2048
original_embed_positions: torch.Size([2050, 2048])
[2025-05-05 23:37:23,254] [INFO] [real_accelerator.py:191:get_accelerator] Setting ds_accelerator to cuda (auto detect)
before forward allocaiton: 2662.20751953125, peak memory: 2662.20751953125, reserve: 2678.0
after forward allocaiton: 28035.9423828125, peak memory: 28035.9423828125, reserve: 28078.0
before backward allocaiton: 23739.9423828125, peak memory: 28035.9423828125, reserve: 28078.0
after backward allocaiton: 2690.4580078125, peak memory: 24857.88623046875, reserve: 28078.0
before step allocaiton: 2690.45849609375, peak memory: 2690.4609375, reserve: 28078.0
after step allocaiton: 2714.45849609375, peak memory: 2726.45849609375, reserve: 28088.0
before forward allocaiton: 2702.45849609375, peak memory: 2714.45849609375, reserve: 28088.0
after forward allocaiton: 28068.068359375, peak memory: 28068.068359375, reserve: 28142.0
before backward allocaiton: 23772.068359375, peak memory: 28068.068359375, reserve: 28142.0
after backward allocaiton: 2714.458984375, peak memory: 24881.88720703125, reserve: 28142.0
before step allocaiton: 2714.45849609375, peak memory: 2714.46142578125, reserve: 28142.0
after step allocaiton: 2714.45849609375, peak memory: 2726.45849609375, reserve: 28142.0
before forward allocaiton: 2702.45849609375, peak memory: 2714.45849609375, reserve: 28142.0
after forward allocaiton: 28068.068359375, peak memory: 28068.068359375, reserve: 28142.0
before backward allocaiton: 23772.068359375, peak memory: 28068.068359375, reserve: 28142.0
after backward allocaiton: 2714.458984375, peak memory: 24881.88720703125, reserve: 28142.0
before step allocaiton: 2714.45849609375, peak memory: 2714.46142578125, reserve: 28142.0
after step allocaiton: 2714.45849609375, peak memory: 2726.45849609375, reserve: 28142.0
before forward allocaiton: 2702.45849609375, peak memory: 2714.45849609375, reserve: 28142.0
after forward allocaiton: 28068.068359375, peak memory: 28068.068359375, reserve: 28142.0
before backward allocaiton: 23772.068359375, peak memory: 28068.068359375, reserve: 28142.0
after backward allocaiton: 2714.458984375, peak memory: 24881.88720703125, reserve: 28142.0
before step allocaiton: 2714.45849609375, peak memory: 2714.46142578125, reserve: 28142.0
after step allocaiton: 2714.45849609375, peak memory: 2726.45849609375, reserve: 28142.0
