[2025-05-11 23:13:22,934] [INFO] [real_accelerator.py:191:get_accelerator] Setting ds_accelerator to cuda (auto detect)
[2025-05-11 23:13:23,457] [WARNING] [runner.py:202:fetch_hostfile] Unable to find hostfile, will proceed with training with local resources only.
[2025-05-11 23:13:23,480] [INFO] [runner.py:568:main] cmd = /root/miniconda3/bin/python -u -m deepspeed.launcher.launch --world_info=eyJsb2NhbGhvc3QiOiBbMCwgMSwgMiwgM119 --master_addr=127.0.0.1 --master_port=29500 --enable_each_rank_log=None src/experiment/scalability/time.py --model_name_or_path checkpoints/opt-6.7b --predictor_path checkpoints/predictor --output_dir ./output/opt-6.7b_2048 --max_steps 2400 --per_device_train_batch_size 1 --per_device_eval_batch_size 1 --gradient_accumulation_steps 1 --save_strategy steps --save_steps 400 --save_total_limit 10 --learning_rate 2e-5 --weight_decay 0.0 --warmup_steps 20 --lr_scheduler_type constant_with_warmup --adam_beta1 0.9 --adam_beta2 0.95 --bf16 --model_max_length 2048 --flash_attention True --pool_size 64 --thresh 0.4 --deepspeed src/experiment/scalability/ds_config/stage2.json --gradient_checkpoint True
[2025-05-11 23:13:26,191] [INFO] [real_accelerator.py:191:get_accelerator] Setting ds_accelerator to cuda (auto detect)
[2025-05-11 23:13:26,634] [INFO] [launch.py:145:main] WORLD INFO DICT: {'localhost': [0, 1, 2, 3]}
[2025-05-11 23:13:26,634] [INFO] [launch.py:151:main] nnodes=1, num_local_procs=4, node_rank=0
[2025-05-11 23:13:26,634] [INFO] [launch.py:162:main] global_rank_mapping=defaultdict(<class 'list'>, {'localhost': [0, 1, 2, 3]})
[2025-05-11 23:13:26,634] [INFO] [launch.py:163:main] dist_world_size=4
[2025-05-11 23:13:26,634] [INFO] [launch.py:165:main] Setting CUDA_VISIBLE_DEVICES=0,1,2,3
[2025-05-11 23:13:26,635] [INFO] [launch.py:253:main] process 78711 spawned with command: ['/root/miniconda3/bin/python', '-u', 'src/experiment/scalability/time.py', '--local_rank=0', '--model_name_or_path', 'checkpoints/opt-6.7b', '--predictor_path', 'checkpoints/predictor', '--output_dir', './output/opt-6.7b_2048', '--max_steps', '2400', '--per_device_train_batch_size', '1', '--per_device_eval_batch_size', '1', '--gradient_accumulation_steps', '1', '--save_strategy', 'steps', '--save_steps', '400', '--save_total_limit', '10', '--learning_rate', '2e-5', '--weight_decay', '0.0', '--warmup_steps', '20', '--lr_scheduler_type', 'constant_with_warmup', '--adam_beta1', '0.9', '--adam_beta2', '0.95', '--bf16', '--model_max_length', '2048', '--flash_attention', 'True', '--pool_size', '64', '--thresh', '0.4', '--deepspeed', 'src/experiment/scalability/ds_config/stage2.json', '--gradient_checkpoint', 'True']
[2025-05-11 23:13:26,635] [INFO] [launch.py:253:main] process 78712 spawned with command: ['/root/miniconda3/bin/python', '-u', 'src/experiment/scalability/time.py', '--local_rank=1', '--model_name_or_path', 'checkpoints/opt-6.7b', '--predictor_path', 'checkpoints/predictor', '--output_dir', './output/opt-6.7b_2048', '--max_steps', '2400', '--per_device_train_batch_size', '1', '--per_device_eval_batch_size', '1', '--gradient_accumulation_steps', '1', '--save_strategy', 'steps', '--save_steps', '400', '--save_total_limit', '10', '--learning_rate', '2e-5', '--weight_decay', '0.0', '--warmup_steps', '20', '--lr_scheduler_type', 'constant_with_warmup', '--adam_beta1', '0.9', '--adam_beta2', '0.95', '--bf16', '--model_max_length', '2048', '--flash_attention', 'True', '--pool_size', '64', '--thresh', '0.4', '--deepspeed', 'src/experiment/scalability/ds_config/stage2.json', '--gradient_checkpoint', 'True']
[2025-05-11 23:13:26,636] [INFO] [launch.py:253:main] process 78713 spawned with command: ['/root/miniconda3/bin/python', '-u', 'src/experiment/scalability/time.py', '--local_rank=2', '--model_name_or_path', 'checkpoints/opt-6.7b', '--predictor_path', 'checkpoints/predictor', '--output_dir', './output/opt-6.7b_2048', '--max_steps', '2400', '--per_device_train_batch_size', '1', '--per_device_eval_batch_size', '1', '--gradient_accumulation_steps', '1', '--save_strategy', 'steps', '--save_steps', '400', '--save_total_limit', '10', '--learning_rate', '2e-5', '--weight_decay', '0.0', '--warmup_steps', '20', '--lr_scheduler_type', 'constant_with_warmup', '--adam_beta1', '0.9', '--adam_beta2', '0.95', '--bf16', '--model_max_length', '2048', '--flash_attention', 'True', '--pool_size', '64', '--thresh', '0.4', '--deepspeed', 'src/experiment/scalability/ds_config/stage2.json', '--gradient_checkpoint', 'True']
[2025-05-11 23:13:26,637] [INFO] [launch.py:253:main] process 78714 spawned with command: ['/root/miniconda3/bin/python', '-u', 'src/experiment/scalability/time.py', '--local_rank=3', '--model_name_or_path', 'checkpoints/opt-6.7b', '--predictor_path', 'checkpoints/predictor', '--output_dir', './output/opt-6.7b_2048', '--max_steps', '2400', '--per_device_train_batch_size', '1', '--per_device_eval_batch_size', '1', '--gradient_accumulation_steps', '1', '--save_strategy', 'steps', '--save_steps', '400', '--save_total_limit', '10', '--learning_rate', '2e-5', '--weight_decay', '0.0', '--warmup_steps', '20', '--lr_scheduler_type', 'constant_with_warmup', '--adam_beta1', '0.9', '--adam_beta2', '0.95', '--bf16', '--model_max_length', '2048', '--flash_attention', 'True', '--pool_size', '64', '--thresh', '0.4', '--deepspeed', 'src/experiment/scalability/ds_config/stage2.json', '--gradient_checkpoint', 'True']
[2025-05-11 23:13:30,249] [INFO] [real_accelerator.py:191:get_accelerator] Setting ds_accelerator to cuda (auto detect)
[2025-05-11 23:13:30,256] [INFO] [real_accelerator.py:191:get_accelerator] Setting ds_accelerator to cuda (auto detect)
[2025-05-11 23:13:30,263] [INFO] [real_accelerator.py:191:get_accelerator] Setting ds_accelerator to cuda (auto detect)
[2025-05-11 23:13:30,267] [INFO] [real_accelerator.py:191:get_accelerator] Setting ds_accelerator to cuda (auto detect)
[2025-05-11 23:13:30,546] [INFO] [comm.py:637:init_distributed] cdb=None
[2025-05-11 23:13:30,546] [INFO] [comm.py:668:init_distributed] Initializing TorchBackend in DeepSpeed with backend nccl
[2025-05-11 23:13:30,548] [INFO] [comm.py:637:init_distributed] cdb=None
[2025-05-11 23:13:30,557] [INFO] [comm.py:637:init_distributed] cdb=None
[2025-05-11 23:13:30,558] [INFO] [comm.py:637:init_distributed] cdb=None
total time: 1613.6085205078125
total time: 1174.6302490234375
total time: 1611.2606201171875
total time: 1610.3521728515625
total time: 781.8601684570312
total time: 781.396728515625
total time: 781.4798583984375
total time: 781.7622680664062
total time: 782.6830444335938
total time: 782.248046875
total time: 782.5979614257812
total time: 782.262451171875
total time: 782.2965087890625
total time: 781.360107421875
total time: 782.265380859375
total time: 782.4030151367188
[2025-05-11 23:17:01,865] [INFO] [launch.py:348:main] Process 78712 exits successfully.
[2025-05-11 23:17:01,865] [INFO] [launch.py:348:main] Process 78713 exits successfully.
[2025-05-11 23:17:01,865] [INFO] [launch.py:348:main] Process 78711 exits successfully.
[2025-05-11 23:17:01,865] [INFO] [launch.py:348:main] Process 78714 exits successfully.
