[2025-05-11 22:58:35,839] [INFO] [real_accelerator.py:191:get_accelerator] Setting ds_accelerator to cuda (auto detect)
[2025-05-11 22:58:36,366] [WARNING] [runner.py:202:fetch_hostfile] Unable to find hostfile, will proceed with training with local resources only.
[2025-05-11 22:58:36,389] [INFO] [runner.py:568:main] cmd = /root/miniconda3/bin/python -u -m deepspeed.launcher.launch --world_info=eyJsb2NhbGhvc3QiOiBbMCwgMV19 --master_addr=127.0.0.1 --master_port=29500 --enable_each_rank_log=None src/experiment/scalability/time.py --model_name_or_path checkpoints/opt-6.7b --predictor_path checkpoints/predictor --output_dir ./output/opt-6.7b_1024 --max_steps 2400 --per_device_train_batch_size 1 --per_device_eval_batch_size 1 --gradient_accumulation_steps 1 --save_strategy steps --save_steps 400 --save_total_limit 10 --learning_rate 2e-5 --weight_decay 0.0 --warmup_steps 20 --lr_scheduler_type constant_with_warmup --adam_beta1 0.9 --adam_beta2 0.95 --bf16 --model_max_length 1024 --flash_attention True --pool_size 64 --thresh 0.4 --deepspeed src/experiment/scalability/ds_config/stage2.json --gradient_checkpoint True
[2025-05-11 22:58:39,104] [INFO] [real_accelerator.py:191:get_accelerator] Setting ds_accelerator to cuda (auto detect)
[2025-05-11 22:58:39,555] [INFO] [launch.py:145:main] WORLD INFO DICT: {'localhost': [0, 1]}
[2025-05-11 22:58:39,555] [INFO] [launch.py:151:main] nnodes=1, num_local_procs=2, node_rank=0
[2025-05-11 22:58:39,555] [INFO] [launch.py:162:main] global_rank_mapping=defaultdict(<class 'list'>, {'localhost': [0, 1]})
[2025-05-11 22:58:39,555] [INFO] [launch.py:163:main] dist_world_size=2
[2025-05-11 22:58:39,555] [INFO] [launch.py:165:main] Setting CUDA_VISIBLE_DEVICES=0,1
[2025-05-11 22:58:39,556] [INFO] [launch.py:253:main] process 75115 spawned with command: ['/root/miniconda3/bin/python', '-u', 'src/experiment/scalability/time.py', '--local_rank=0', '--model_name_or_path', 'checkpoints/opt-6.7b', '--predictor_path', 'checkpoints/predictor', '--output_dir', './output/opt-6.7b_1024', '--max_steps', '2400', '--per_device_train_batch_size', '1', '--per_device_eval_batch_size', '1', '--gradient_accumulation_steps', '1', '--save_strategy', 'steps', '--save_steps', '400', '--save_total_limit', '10', '--learning_rate', '2e-5', '--weight_decay', '0.0', '--warmup_steps', '20', '--lr_scheduler_type', 'constant_with_warmup', '--adam_beta1', '0.9', '--adam_beta2', '0.95', '--bf16', '--model_max_length', '1024', '--flash_attention', 'True', '--pool_size', '64', '--thresh', '0.4', '--deepspeed', 'src/experiment/scalability/ds_config/stage2.json', '--gradient_checkpoint', 'True']
[2025-05-11 22:58:39,556] [INFO] [launch.py:253:main] process 75116 spawned with command: ['/root/miniconda3/bin/python', '-u', 'src/experiment/scalability/time.py', '--local_rank=1', '--model_name_or_path', 'checkpoints/opt-6.7b', '--predictor_path', 'checkpoints/predictor', '--output_dir', './output/opt-6.7b_1024', '--max_steps', '2400', '--per_device_train_batch_size', '1', '--per_device_eval_batch_size', '1', '--gradient_accumulation_steps', '1', '--save_strategy', 'steps', '--save_steps', '400', '--save_total_limit', '10', '--learning_rate', '2e-5', '--weight_decay', '0.0', '--warmup_steps', '20', '--lr_scheduler_type', 'constant_with_warmup', '--adam_beta1', '0.9', '--adam_beta2', '0.95', '--bf16', '--model_max_length', '1024', '--flash_attention', 'True', '--pool_size', '64', '--thresh', '0.4', '--deepspeed', 'src/experiment/scalability/ds_config/stage2.json', '--gradient_checkpoint', 'True']
[2025-05-11 22:58:43,113] [INFO] [real_accelerator.py:191:get_accelerator] Setting ds_accelerator to cuda (auto detect)
[2025-05-11 22:58:43,159] [INFO] [real_accelerator.py:191:get_accelerator] Setting ds_accelerator to cuda (auto detect)
[2025-05-11 22:58:43,416] [INFO] [comm.py:637:init_distributed] cdb=None
[2025-05-11 22:58:43,451] [INFO] [comm.py:637:init_distributed] cdb=None
[2025-05-11 22:58:43,451] [INFO] [comm.py:668:init_distributed] Initializing TorchBackend in DeepSpeed with backend nccl
total time: 863.32470703125
total time: 1306.6610107421875
total time: 444.2916259765625
total time: 444.81195068359375
total time: 433.1651916503906
total time: 433.08197021484375
total time: 435.877685546875
total time: 436.5479431152344
[2025-05-11 23:02:12,789] [INFO] [launch.py:348:main] Process 75116 exits successfully.
[2025-05-11 23:02:12,789] [INFO] [launch.py:348:main] Process 75115 exits successfully.
