[2025-05-11 23:09:41,227] [INFO] [real_accelerator.py:191:get_accelerator] Setting ds_accelerator to cuda (auto detect)
[2025-05-11 23:09:41,760] [WARNING] [runner.py:202:fetch_hostfile] Unable to find hostfile, will proceed with training with local resources only.
[2025-05-11 23:09:41,782] [INFO] [runner.py:568:main] cmd = /root/miniconda3/bin/python -u -m deepspeed.launcher.launch --world_info=eyJsb2NhbGhvc3QiOiBbMCwgMV19 --master_addr=127.0.0.1 --master_port=29500 --enable_each_rank_log=None src/experiment/scalability/time.py --model_name_or_path checkpoints/opt-6.7b --predictor_path checkpoints/predictor --output_dir ./output/opt-6.7b_2048 --max_steps 2400 --per_device_train_batch_size 1 --per_device_eval_batch_size 1 --gradient_accumulation_steps 1 --save_strategy steps --save_steps 400 --save_total_limit 10 --learning_rate 2e-5 --weight_decay 0.0 --warmup_steps 20 --lr_scheduler_type constant_with_warmup --adam_beta1 0.9 --adam_beta2 0.95 --bf16 --model_max_length 2048 --flash_attention True --pool_size 64 --thresh 0.4 --deepspeed src/experiment/scalability/ds_config/stage2.json --gradient_checkpoint True
[2025-05-11 23:09:44,466] [INFO] [real_accelerator.py:191:get_accelerator] Setting ds_accelerator to cuda (auto detect)
[2025-05-11 23:09:44,905] [INFO] [launch.py:145:main] WORLD INFO DICT: {'localhost': [0, 1]}
[2025-05-11 23:09:44,905] [INFO] [launch.py:151:main] nnodes=1, num_local_procs=2, node_rank=0
[2025-05-11 23:09:44,905] [INFO] [launch.py:162:main] global_rank_mapping=defaultdict(<class 'list'>, {'localhost': [0, 1]})
[2025-05-11 23:09:44,905] [INFO] [launch.py:163:main] dist_world_size=2
[2025-05-11 23:09:44,905] [INFO] [launch.py:165:main] Setting CUDA_VISIBLE_DEVICES=0,1
[2025-05-11 23:09:44,906] [INFO] [launch.py:253:main] process 77884 spawned with command: ['/root/miniconda3/bin/python', '-u', 'src/experiment/scalability/time.py', '--local_rank=0', '--model_name_or_path', 'checkpoints/opt-6.7b', '--predictor_path', 'checkpoints/predictor', '--output_dir', './output/opt-6.7b_2048', '--max_steps', '2400', '--per_device_train_batch_size', '1', '--per_device_eval_batch_size', '1', '--gradient_accumulation_steps', '1', '--save_strategy', 'steps', '--save_steps', '400', '--save_total_limit', '10', '--learning_rate', '2e-5', '--weight_decay', '0.0', '--warmup_steps', '20', '--lr_scheduler_type', 'constant_with_warmup', '--adam_beta1', '0.9', '--adam_beta2', '0.95', '--bf16', '--model_max_length', '2048', '--flash_attention', 'True', '--pool_size', '64', '--thresh', '0.4', '--deepspeed', 'src/experiment/scalability/ds_config/stage2.json', '--gradient_checkpoint', 'True']
[2025-05-11 23:09:44,907] [INFO] [launch.py:253:main] process 77885 spawned with command: ['/root/miniconda3/bin/python', '-u', 'src/experiment/scalability/time.py', '--local_rank=1', '--model_name_or_path', 'checkpoints/opt-6.7b', '--predictor_path', 'checkpoints/predictor', '--output_dir', './output/opt-6.7b_2048', '--max_steps', '2400', '--per_device_train_batch_size', '1', '--per_device_eval_batch_size', '1', '--gradient_accumulation_steps', '1', '--save_strategy', 'steps', '--save_steps', '400', '--save_total_limit', '10', '--learning_rate', '2e-5', '--weight_decay', '0.0', '--warmup_steps', '20', '--lr_scheduler_type', 'constant_with_warmup', '--adam_beta1', '0.9', '--adam_beta2', '0.95', '--bf16', '--model_max_length', '2048', '--flash_attention', 'True', '--pool_size', '64', '--thresh', '0.4', '--deepspeed', 'src/experiment/scalability/ds_config/stage2.json', '--gradient_checkpoint', 'True']
[2025-05-11 23:09:48,450] [INFO] [real_accelerator.py:191:get_accelerator] Setting ds_accelerator to cuda (auto detect)
[2025-05-11 23:09:48,487] [INFO] [real_accelerator.py:191:get_accelerator] Setting ds_accelerator to cuda (auto detect)
[2025-05-11 23:09:48,743] [INFO] [comm.py:637:init_distributed] cdb=None
[2025-05-11 23:09:48,743] [INFO] [comm.py:668:init_distributed] Initializing TorchBackend in DeepSpeed with backend nccl
[2025-05-11 23:09:48,778] [INFO] [comm.py:637:init_distributed] cdb=None
total time: 1602.2313232421875
total time: 1165.312255859375
total time: 785.2993774414062
total time: 785.193603515625
total time: 787.2012939453125
total time: 788.2047729492188
total time: 787.0430908203125
total time: 786.1661376953125
[2025-05-11 23:13:18,136] [INFO] [launch.py:348:main] Process 77884 exits successfully.
[2025-05-11 23:13:18,136] [INFO] [launch.py:348:main] Process 77885 exits successfully.
